0 info it worked if it ends with ok
1 verbose cli [ 'node', '/usr/local/bin/npm', 'install', 'mongodb', '-g' ]
2 info using npm@1.4.28
3 info using node@v0.10.35
4 verbose cache add [ 'mongodb', null ]
5 verbose cache add name=undefined spec="mongodb" args=["mongodb",null]
6 verbose parsed url { protocol: null,
6 verbose parsed url   slashes: null,
6 verbose parsed url   auth: null,
6 verbose parsed url   host: null,
6 verbose parsed url   port: null,
6 verbose parsed url   hostname: null,
6 verbose parsed url   hash: null,
6 verbose parsed url   search: null,
6 verbose parsed url   query: null,
6 verbose parsed url   pathname: 'mongodb',
6 verbose parsed url   path: 'mongodb',
6 verbose parsed url   href: 'mongodb' }
7 silly lockFile 7f1c982e-mongodb mongodb
8 verbose lock mongodb /Users/wing/.npm/7f1c982e-mongodb.lock
9 silly lockFile 7f1c982e-mongodb mongodb
10 silly lockFile 7f1c982e-mongodb mongodb
11 verbose addNamed [ 'mongodb', '' ]
12 verbose addNamed [ null, '*' ]
13 silly lockFile 886df635-mongodb mongodb@
14 verbose lock mongodb@ /Users/wing/.npm/886df635-mongodb.lock
15 silly addNameRange { name: 'mongodb', range: '*', hasData: false }
16 verbose request where is /mongodb
17 verbose request registry https://registry.npmjs.org/
18 verbose request id 362036d31860085e
19 verbose url raw /mongodb
20 verbose url resolving [ 'https://registry.npmjs.org/', './mongodb' ]
21 verbose url resolved https://registry.npmjs.org/mongodb
22 verbose request where is https://registry.npmjs.org/mongodb
23 info trying registry request attempt 1 at 17:41:17
24 verbose etag "15FR4ES52RZII6BK7EW388WLJ"
25 http GET https://registry.npmjs.org/mongodb
26 http 304 https://registry.npmjs.org/mongodb
27 silly registry.get cb [ 304,
27 silly registry.get   { date: 'Sat, 21 Mar 2015 09:41:17 GMT',
27 silly registry.get     server: 'Apache',
27 silly registry.get     via: '1.1 varnish',
27 silly registry.get     'last-modified': 'Sat, 21 Mar 2015 09:41:17 GMT',
27 silly registry.get     'cache-control': 'max-age=60',
27 silly registry.get     etag: '"15FR4ES52RZII6BK7EW388WLJ"',
27 silly registry.get     age: '3',
27 silly registry.get     'x-served-by': 'cache-hkg6820-HKG',
27 silly registry.get     'x-cache': 'HIT',
27 silly registry.get     'x-cache-hits': '1',
27 silly registry.get     'x-timer': 'S1426930877.437003,VS0,VE1',
27 silly registry.get     vary: 'Accept',
27 silly registry.get     'content-length': '0',
27 silly registry.get     'keep-alive': 'timeout=10, max=50',
27 silly registry.get     connection: 'Keep-Alive' } ]
28 verbose etag https://registry.npmjs.org/mongodb from cache
29 silly addNameRange number 2 { name: 'mongodb', range: '*', hasData: true }
30 silly addNameRange versions [ 'mongodb',
30 silly addNameRange   [ '0.9.4',
30 silly addNameRange     '0.9.4-4',
30 silly addNameRange     '0.9.3',
30 silly addNameRange     '0.9.1',
30 silly addNameRange     '0.9.2',
30 silly addNameRange     '0.9.6-7',
30 silly addNameRange     '0.9.6-8',
30 silly addNameRange     '0.9.6-9',
30 silly addNameRange     '0.9.6-10',
30 silly addNameRange     '0.9.6-11',
30 silly addNameRange     '0.9.6-12',
30 silly addNameRange     '0.9.6-13',
30 silly addNameRange     '0.9.6-14',
30 silly addNameRange     '0.9.6-15',
30 silly addNameRange     '0.9.6-16',
30 silly addNameRange     '0.9.6-17',
30 silly addNameRange     '0.9.6-18',
30 silly addNameRange     '0.9.6-19',
30 silly addNameRange     '0.9.6-20',
30 silly addNameRange     '0.9.6-21',
30 silly addNameRange     '0.9.6-22',
30 silly addNameRange     '0.9.6-23',
30 silly addNameRange     '0.9.7',
30 silly addNameRange     '0.9.7-0',
30 silly addNameRange     '0.9.7-1',
30 silly addNameRange     '0.9.7-1.1',
30 silly addNameRange     '0.9.7-1.2',
30 silly addNameRange     '0.9.7-1.3',
30 silly addNameRange     '0.9.7-1.4',
30 silly addNameRange     '0.9.7-2',
30 silly addNameRange     '0.9.7-2-1',
30 silly addNameRange     '0.9.7-2-2',
30 silly addNameRange     '0.9.7-2-3',
30 silly addNameRange     '0.9.7-2-4',
30 silly addNameRange     '0.9.7-2-5',
30 silly addNameRange     '0.9.7-3',
30 silly addNameRange     '0.9.7-3-1',
30 silly addNameRange     '0.9.7-3-2',
30 silly addNameRange     '0.9.7-3-3',
30 silly addNameRange     '0.9.7-3-4',
30 silly addNameRange     '0.9.7-3-5',
30 silly addNameRange     '0.9.8',
30 silly addNameRange     '0.9.8-1',
30 silly addNameRange     '0.9.8-2',
30 silly addNameRange     '0.9.8-3',
30 silly addNameRange     '0.9.8-4',
30 silly addNameRange     '0.9.8-5',
30 silly addNameRange     '0.9.8-6',
30 silly addNameRange     '0.9.8-7',
30 silly addNameRange     '0.9.9',
30 silly addNameRange     '0.9.9-1',
30 silly addNameRange     '0.9.9-2',
30 silly addNameRange     '0.9.9-3',
30 silly addNameRange     '0.9.9-4',
30 silly addNameRange     '0.9.9-5',
30 silly addNameRange     '0.9.9-6',
30 silly addNameRange     '0.9.9-7',
30 silly addNameRange     '0.9.9-8',
30 silly addNameRange     '1.0.0',
30 silly addNameRange     '1.0.1',
30 silly addNameRange     '1.0.2',
30 silly addNameRange     '1.1.0-beta',
30 silly addNameRange     '1.1.0',
30 silly addNameRange     '1.1.1',
30 silly addNameRange     '1.1.2',
30 silly addNameRange     '1.1.3',
30 silly addNameRange     '1.1.4',
30 silly addNameRange     '1.1.5',
30 silly addNameRange     '1.1.6',
30 silly addNameRange     '1.1.7',
30 silly addNameRange     '1.1.8',
30 silly addNameRange     '1.1.9',
30 silly addNameRange     '1.1.10',
30 silly addNameRange     '1.1.11',
30 silly addNameRange     '1.2.0',
30 silly addNameRange     '1.2.1',
30 silly addNameRange     '1.2.2',
30 silly addNameRange     '1.2.3',
30 silly addNameRange     '1.2.4',
30 silly addNameRange     '1.2.5',
30 silly addNameRange     '1.2.6',
30 silly addNameRange     '1.2.7',
30 silly addNameRange     '1.2.8',
30 silly addNameRange     '1.2.9',
30 silly addNameRange     '1.2.10',
30 silly addNameRange     '1.2.11',
30 silly addNameRange     '1.2.12',
30 silly addNameRange     '1.2.13',
30 silly addNameRange     '1.2.14',
30 silly addNameRange     '1.3.0',
30 silly addNameRange     '1.3.1',
30 silly addNameRange     '1.3.2',
30 silly addNameRange     '1.3.3',
30 silly addNameRange     '1.3.4',
30 silly addNameRange     '1.3.5',
30 silly addNameRange     '1.3.6',
30 silly addNameRange     '1.3.7',
30 silly addNameRange     '1.3.8',
30 silly addNameRange     '1.3.9',
30 silly addNameRange     '1.3.10',
30 silly addNameRange     '1.3.11',
30 silly addNameRange     '1.3.12',
30 silly addNameRange     '1.3.14',
30 silly addNameRange     '1.3.15',
30 silly addNameRange     '1.3.17',
30 silly addNameRange     '1.3.18',
30 silly addNameRange     '1.3.19',
30 silly addNameRange     '1.4.0-rc2',
30 silly addNameRange     '1.3.20',
30 silly addNameRange     '1.4.0-rc3',
30 silly addNameRange     '1.3.21',
30 silly addNameRange     '1.3.22',
30 silly addNameRange     '1.3.23',
30 silly addNameRange     '1.4.0-rc4',
30 silly addNameRange     '1.4.0-rc5',
30 silly addNameRange     '1.4.0-rc6',
30 silly addNameRange     '1.4.0-rc7',
30 silly addNameRange     '1.4.0-rc8',
30 silly addNameRange     '1.4.0-rc9',
30 silly addNameRange     '1.4.0-rc10',
30 silly addNameRange     '1.4.0',
30 silly addNameRange     '1.4.1',
30 silly addNameRange     '1.4.2',
30 silly addNameRange     '1.4.3',
30 silly addNameRange     '1.4.4',
30 silly addNameRange     '1.4.5',
30 silly addNameRange     '1.4.6',
30 silly addNameRange     '1.4.7',
30 silly addNameRange     '1.4.8',
30 silly addNameRange     '1.4.9',
30 silly addNameRange     '1.4.10',
30 silly addNameRange     '2.0.0-alpha1',
30 silly addNameRange     '1.4.11',
30 silly addNameRange     '1.4.12',
30 silly addNameRange     '1.4.14',
30 silly addNameRange     '1.4.15',
30 silly addNameRange     '1.4.16',
30 silly addNameRange     '1.4.17',
30 silly addNameRange     '2.0.0-alpha2',
30 silly addNameRange     '1.4.18',
30 silly addNameRange     '2.0.0',
30 silly addNameRange     '2.0.1',
30 silly addNameRange     '2.0.2',
30 silly addNameRange     '1.4.19',
30 silly addNameRange     '2.0.3',
30 silly addNameRange     '2.0.4',
30 silly addNameRange     '2.0.5',
30 silly addNameRange     '2.0.6',
30 silly addNameRange     '1.4.20',
30 silly addNameRange     '1.4.22',
30 silly addNameRange     '2.0.7',
30 silly addNameRange     '2.0.8',
30 silly addNameRange     '2.0.9',
30 silly addNameRange     '1.4.23',
30 silly addNameRange     '2.0.10',
30 silly addNameRange     '1.4.24',
30 silly addNameRange     '2.0.11',
30 silly addNameRange     '1.4.25',
30 silly addNameRange     '2.0.12',
30 silly addNameRange     '1.4.26',
30 silly addNameRange     '1.4.27',
30 silly addNameRange     '1.4.28',
30 silly addNameRange     '2.0.13',
30 silly addNameRange     '2.0.14',
30 silly addNameRange     '1.4.29',
30 silly addNameRange     '2.0.15',
30 silly addNameRange     '1.4.30',
30 silly addNameRange     '2.0.16',
30 silly addNameRange     '1.4.31',
30 silly addNameRange     '2.0.17',
30 silly addNameRange     '1.4.32',
30 silly addNameRange     '2.0.18',
30 silly addNameRange     '2.0.19',
30 silly addNameRange     '1.4.33',
30 silly addNameRange     '2.0.20',
30 silly addNameRange     '2.0.21',
30 silly addNameRange     '1.4.34',
30 silly addNameRange     '2.0.22' ] ]
31 verbose addNamed [ 'mongodb', '1.4.34' ]
32 verbose addNamed [ '1.4.34', '1.4.34' ]
33 silly lockFile ee43449c-mongodb-1-4-34 mongodb@1.4.34
34 verbose lock mongodb@1.4.34 /Users/wing/.npm/ee43449c-mongodb-1-4-34.lock
35 silly lockFile ee43449c-mongodb-1-4-34 mongodb@1.4.34
36 silly lockFile ee43449c-mongodb-1-4-34 mongodb@1.4.34
37 silly lockFile 886df635-mongodb mongodb@
38 silly lockFile 886df635-mongodb mongodb@
39 silly resolved [ { name: 'mongodb',
39 silly resolved     description: 'A node.js driver for MongoDB',
39 silly resolved     keywords: [ 'mongodb', 'mongo', 'driver', 'db' ],
39 silly resolved     version: '1.4.34',
39 silly resolved     author: { name: 'Christian Amor Kvalheim', email: 'christkv@gmail.com' },
39 silly resolved     contributors:
39 silly resolved      [ [Object],
39 silly resolved        [Object],
39 silly resolved        [Object],
39 silly resolved        [Object],
39 silly resolved        [Object],
39 silly resolved        [Object],
39 silly resolved        [Object],
39 silly resolved        [Object],
39 silly resolved        [Object],
39 silly resolved        [Object],
39 silly resolved        [Object],
39 silly resolved        [Object],
39 silly resolved        [Object],
39 silly resolved        [Object],
39 silly resolved        [Object],
39 silly resolved        [Object],
39 silly resolved        [Object],
39 silly resolved        [Object],
39 silly resolved        [Object],
39 silly resolved        [Object],
39 silly resolved        [Object],
39 silly resolved        [Object],
39 silly resolved        [Object],
39 silly resolved        [Object],
39 silly resolved        [Object],
39 silly resolved        [Object],
39 silly resolved        [Object],
39 silly resolved        [Object],
39 silly resolved        [Object],
39 silly resolved        [Object],
39 silly resolved        [Object],
39 silly resolved        [Object],
39 silly resolved        [Object],
39 silly resolved        [Object],
39 silly resolved        [Object],
39 silly resolved        [Object],
39 silly resolved        [Object],
39 silly resolved        [Object],
39 silly resolved        [Object],
39 silly resolved        [Object],
39 silly resolved        [Object],
39 silly resolved        [Object],
39 silly resolved        [Object],
39 silly resolved        [Object],
39 silly resolved        [Object],
39 silly resolved        [Object],
39 silly resolved        [Object],
39 silly resolved        [Object],
39 silly resolved        [Object],
39 silly resolved        [Object],
39 silly resolved        [Object],
39 silly resolved        [Object],
39 silly resolved        [Object],
39 silly resolved        [Object] ],
39 silly resolved     repository:
39 silly resolved      { type: 'git',
39 silly resolved        url: 'http://github.com/mongodb/node-mongodb-native.git' },
39 silly resolved     bugs: { url: 'http://github.com/mongodb/node-mongodb-native/issues' },
39 silly resolved     dependencies: { bson: '~0.2', kerberos: '0.0.9', 'readable-stream': 'latest' },
39 silly resolved     devDependencies:
39 silly resolved      { dox: '0.4.4',
39 silly resolved        'uglify-js': '1.2.5',
39 silly resolved        ejs: '0.6.1',
39 silly resolved        request: '2.12.0',
39 silly resolved        nodeunit: '0.7.3',
39 silly resolved        markdown: '0.3.1',
39 silly resolved        gleak: '0.5.0',
39 silly resolved        step: '0.0.5',
39 silly resolved        async: '0.1.22',
39 silly resolved        integra: '0.1.8',
39 silly resolved        optimist: 'latest',
39 silly resolved        rimraf: '2.2.6',
39 silly resolved        semver: '4.1.0',
39 silly resolved        'mongodb-version-manager': '0.5.0',
39 silly resolved        'mongodb-tools': '~1.0' },
39 silly resolved     optionalDependencies: { kerberos: '0.0.9', 'readable-stream': 'latest' },
39 silly resolved     config: { native: false },
39 silly resolved     main: './lib/mongodb/index',
39 silly resolved     homepage: 'http://mongodb.github.com/node-mongodb-native/',
39 silly resolved     directories: { lib: './lib/mongodb' },
39 silly resolved     engines: { node: '>=0.6.19' },
39 silly resolved     scripts: { test: 'node test/runner.js -t functional' },
39 silly resolved     licenses: [ [Object] ],
39 silly resolved     gitHead: '2cc4024a5a5106bc119dfbd86b5294e040229083',
39 silly resolved     _id: 'mongodb@1.4.34',
39 silly resolved     _shasum: 'fc17b11eea384e7e68c749b6e57e230429ec42dd',
39 silly resolved     _from: 'mongodb@',
39 silly resolved     _npmVersion: '1.4.28',
39 silly resolved     _npmUser: { name: 'christkv', email: 'christkv@gmail.com' },
39 silly resolved     maintainers: [ [Object] ],
39 silly resolved     dist:
39 silly resolved      { shasum: 'fc17b11eea384e7e68c749b6e57e230429ec42dd',
39 silly resolved        tarball: 'http://registry.npmjs.org/mongodb/-/mongodb-1.4.34.tgz' },
39 silly resolved     _resolved: 'https://registry.npmjs.org/mongodb/-/mongodb-1.4.34.tgz',
39 silly resolved     readme: 'ERROR: No README data found!' } ]
40 info install mongodb@1.4.34 into /usr/local/lib
41 info installOne mongodb@1.4.34
42 verbose lib/node_modules/mongodb unbuild
43 verbose tar unpack /Users/wing/.npm/mongodb/1.4.34/package.tgz
44 silly lockFile 6ea96255-r-local-lib-node-modules-mongodb tar:///usr/local/lib/node_modules/mongodb
45 verbose lock tar:///usr/local/lib/node_modules/mongodb /Users/wing/.npm/6ea96255-r-local-lib-node-modules-mongodb.lock
46 silly lockFile 9f0fb4fe-g-npm-mongodb-1-4-34-package-tgz tar:///Users/wing/.npm/mongodb/1.4.34/package.tgz
47 verbose lock tar:///Users/wing/.npm/mongodb/1.4.34/package.tgz /Users/wing/.npm/9f0fb4fe-g-npm-mongodb-1-4-34-package-tgz.lock
48 silly gunzTarPerm modes [ '755', '644' ]
49 error Error: EACCES, mkdir '/usr/local/lib/node_modules/mongodb'
49 error  { [Error: EACCES, mkdir '/usr/local/lib/node_modules/mongodb']
49 error   errno: 3,
49 error   code: 'EACCES',
49 error   path: '/usr/local/lib/node_modules/mongodb',
49 error   fstream_type: 'Directory',
49 error   fstream_path: '/usr/local/lib/node_modules/mongodb',
49 error   fstream_class: 'DirWriter',
49 error   fstream_stack:
49 error    [ '/usr/local/lib/node_modules/npm/node_modules/fstream/lib/dir-writer.js:36:23',
49 error      '/usr/local/lib/node_modules/npm/node_modules/mkdirp/index.js:46:53',
49 error      'Object.oncomplete (fs.js:108:15)' ] }
50 error Please try running this command again as root/Administrator.
51 error System Darwin 14.1.0
52 error command "node" "/usr/local/bin/npm" "install" "mongodb" "-g"
53 error cwd /Users/wing/Documents/yr3sem2/cs
54 error node -v v0.10.35
55 error npm -v 1.4.28
56 error path /usr/local/lib/node_modules/mongodb
57 error fstream_path /usr/local/lib/node_modules/mongodb
58 error fstream_type Directory
59 error fstream_class DirWriter
60 error code EACCES
61 error errno 3
62 error stack Error: EACCES, mkdir '/usr/local/lib/node_modules/mongodb'
63 error fstream_stack /usr/local/lib/node_modules/npm/node_modules/fstream/lib/dir-writer.js:36:23
63 error fstream_stack /usr/local/lib/node_modules/npm/node_modules/mkdirp/index.js:46:53
63 error fstream_stack Object.oncomplete (fs.js:108:15)
64 verbose exit [ 3, true ]
